<?xml version="1.0" encoding="UTF-8"?>
<robot generator="Robot 3.1.2 (Python 3.8.0 on win32)" generated="20191111 23:00:35.898" rpa="false">
<suite id="s1" name="Specs" source="D:\Projetos\MrAnderson\specs">
<suite id="s1-s1" name="Login" source="D:\Projetos\MrAnderson\specs\login.robot">
<test id="s1-s1-t1" name="Login com sucesso">
<kw name="Fazendo login com &quot;wassuncaon@gmail.com&quot; a senha &quot;csa123&quot;" library="login_steps">
<kw name="Open Browser" library="SeleniumLibrary">
<doc>Opens a new browser instance to the optional ``url``.</doc>
<arguments>
<arg>http://ninjaplus-web:5000/login</arg>
<arg>chrome</arg>
</arguments>
<msg timestamp="20191111 23:00:36.218" level="INFO">Opening browser 'chrome' to base url 'http://ninjaplus-web:5000/login'.</msg>
<status status="PASS" starttime="20191111 23:00:36.218" endtime="20191111 23:00:43.305"></status>
</kw>
<kw name="Maximize Browser Window" library="SeleniumLibrary">
<doc>Maximizes current browser window.</doc>
<status status="PASS" starttime="20191111 23:00:43.305" endtime="20191111 23:00:47.484"></status>
</kw>
<kw name="Input Text" library="SeleniumLibrary">
<doc>Types the given ``text`` into the text field identified by ``locator``.</doc>
<arguments>
<arg>id:emailId</arg>
<arg>${email}</arg>
</arguments>
<msg timestamp="20191111 23:00:47.485" level="INFO">Typing text 'wassuncaon@gmail.com' into text field 'id:emailId'.</msg>
<status status="PASS" starttime="20191111 23:00:47.484" endtime="20191111 23:00:47.713"></status>
</kw>
<kw name="Input Text" library="SeleniumLibrary">
<doc>Types the given ``text`` into the text field identified by ``locator``.</doc>
<arguments>
<arg>id:passId</arg>
<arg>${pass}</arg>
</arguments>
<msg timestamp="20191111 23:00:47.714" level="INFO">Typing text 'csa123' into text field 'id:passId'.</msg>
<status status="PASS" starttime="20191111 23:00:47.713" endtime="20191111 23:00:47.811"></status>
</kw>
<kw name="Click Button" library="SeleniumLibrary">
<doc>Clicks the button identified by ``locator``.</doc>
<arguments>
<arg>id:login</arg>
</arguments>
<msg timestamp="20191111 23:00:47.811" level="INFO">Clicking button 'id:login'.</msg>
<status status="PASS" starttime="20191111 23:00:47.811" endtime="20191111 23:00:47.921"></status>
</kw>
<kw name="Sleep" library="BuiltIn">
<doc>Pauses the test executed for the given time.</doc>
<arguments>
<arg>5</arg>
</arguments>
<msg timestamp="20191111 23:00:52.933" level="INFO">Slept 5 seconds</msg>
<status status="PASS" starttime="20191111 23:00:47.921" endtime="20191111 23:00:52.934"></status>
</kw>
<status status="PASS" starttime="20191111 23:00:36.217" endtime="20191111 23:00:52.935"></status>
</kw>
<kw name="Devo ver o meu nome &quot;Washington&quot; na area logada" library="login_steps">
<kw name="Page Should Contain" library="SeleniumLibrary">
<doc>Verifies that current page contains ``text``.</doc>
<arguments>
<arg>${username}</arg>
</arguments>
<msg timestamp="20191111 23:00:53.005" level="INFO">Current page contains text 'Washington'.</msg>
<status status="PASS" starttime="20191111 23:00:52.942" endtime="20191111 23:00:53.005"></status>
</kw>
<kw name="Close Browser" library="SeleniumLibrary">
<doc>Closes the current browser.</doc>
<status status="PASS" starttime="20191111 23:00:53.006" endtime="20191111 23:00:55.187"></status>
</kw>
<status status="PASS" starttime="20191111 23:00:52.940" endtime="20191111 23:00:55.188"></status>
</kw>
<status status="PASS" starttime="20191111 23:00:36.216" endtime="20191111 23:00:55.189" critical="yes"></status>
</test>
<doc>O usuário suas credenciais de acesso e submete o formulário de login</doc>
<status status="PASS" starttime="20191111 23:00:35.936" endtime="20191111 23:00:55.196"></status>
</suite>
<status status="PASS" starttime="20191111 23:00:35.902" endtime="20191111 23:00:55.207"></status>
</suite>
<statistics>
<total>
<stat pass="1" fail="0">Critical Tests</stat>
<stat pass="1" fail="0">All Tests</stat>
</total>
<tag>
</tag>
<suite>
<stat pass="1" fail="0" id="s1" name="Specs">Specs</stat>
<stat pass="1" fail="0" id="s1-s1" name="Login">Specs.Login</stat>
</suite>
</statistics>
<errors>
</errors>
</robot>
