<?xml version="1.0" encoding="UTF-8"?>
<robot generator="Robot 3.1.2 (Python 3.8.0 on win32)" generated="20191112 10:51:17.062" rpa="false">
<suite id="s1" name="Specs" source="C:\Users\washington.assuncao\Documents\Projetos\MrAnderson\specs">
<suite id="s1-s1" name="Login" source="C:\Users\washington.assuncao\Documents\Projetos\MrAnderson\specs\login.robot">
<test id="s1-s1-t1" name="Login com sucesso">
<kw name="Fazendo login com &quot;wassuncaon@gmail.com&quot; a senha &quot;csa123&quot;" library="login_steps">
<kw name="Open Browser" library="SeleniumLibrary">
<doc>Opens a new browser instance to the optional ``url``.</doc>
<arguments>
<arg>http://ninjaplus-web:5000/login</arg>
<arg>chrome</arg>
</arguments>
<msg timestamp="20191112 10:51:17.214" level="INFO">Opening browser 'chrome' to base url 'http://ninjaplus-web:5000/login'.</msg>
<status status="PASS" starttime="20191112 10:51:17.213" endtime="20191112 10:51:24.516"></status>
</kw>
<kw name="Maximize Browser Window" library="SeleniumLibrary">
<doc>Maximizes current browser window.</doc>
<status status="PASS" starttime="20191112 10:51:24.517" endtime="20191112 10:51:28.640"></status>
</kw>
<kw name="Input Text" library="SeleniumLibrary">
<doc>Types the given ``text`` into the text field identified by ``locator``.</doc>
<arguments>
<arg>id:emailId</arg>
<arg>${email}</arg>
</arguments>
<msg timestamp="20191112 10:51:28.640" level="INFO">Typing text 'wassuncaon@gmail.com' into text field 'id:emailId'.</msg>
<status status="PASS" starttime="20191112 10:51:28.640" endtime="20191112 10:51:28.756"></status>
</kw>
<kw name="Input Text" library="SeleniumLibrary">
<doc>Types the given ``text`` into the text field identified by ``locator``.</doc>
<arguments>
<arg>id:passId</arg>
<arg>${pass}</arg>
</arguments>
<msg timestamp="20191112 10:51:28.756" level="INFO">Typing text 'csa123' into text field 'id:passId'.</msg>
<status status="PASS" starttime="20191112 10:51:28.756" endtime="20191112 10:51:28.847"></status>
</kw>
<kw name="Click Button" library="SeleniumLibrary">
<doc>Clicks the button identified by ``locator``.</doc>
<arguments>
<arg>id:login</arg>
</arguments>
<msg timestamp="20191112 10:51:28.847" level="INFO">Clicking button 'id:login'.</msg>
<status status="PASS" starttime="20191112 10:51:28.847" endtime="20191112 10:51:28.966"></status>
</kw>
<kw name="Sleep" library="BuiltIn">
<doc>Pauses the test executed for the given time.</doc>
<arguments>
<arg>5</arg>
</arguments>
<msg timestamp="20191112 10:51:33.968" level="INFO">Slept 5 seconds</msg>
<status status="PASS" starttime="20191112 10:51:28.967" endtime="20191112 10:51:33.968"></status>
</kw>
<status status="PASS" starttime="20191112 10:51:17.213" endtime="20191112 10:51:33.969"></status>
</kw>
<kw name="Devo ver o meu nome &quot;Washington&quot; na area logada" library="login_steps">
<kw name="Page Should Contain" library="SeleniumLibrary">
<doc>Verifies that current page contains ``text``.</doc>
<arguments>
<arg>${username}</arg>
</arguments>
<msg timestamp="20191112 10:51:34.015" level="INFO">Current page contains text 'Washington'.</msg>
<status status="PASS" starttime="20191112 10:51:33.970" endtime="20191112 10:51:34.015"></status>
</kw>
<kw name="Close Browser" library="SeleniumLibrary">
<doc>Closes the current browser.</doc>
<status status="PASS" starttime="20191112 10:51:34.015" endtime="20191112 10:51:36.153"></status>
</kw>
<status status="PASS" starttime="20191112 10:51:33.969" endtime="20191112 10:51:36.153"></status>
</kw>
<status status="PASS" starttime="20191112 10:51:17.213" endtime="20191112 10:51:36.153" critical="yes"></status>
</test>
<doc>O usuário suas credenciais de acesso e submete o formulário de login</doc>
<status status="PASS" starttime="20191112 10:51:17.082" endtime="20191112 10:51:36.154"></status>
</suite>
<status status="PASS" starttime="20191112 10:51:17.063" endtime="20191112 10:51:36.155"></status>
</suite>
<statistics>
<total>
<stat pass="1" fail="0">Critical Tests</stat>
<stat pass="1" fail="0">All Tests</stat>
</total>
<tag>
</tag>
<suite>
<stat pass="1" fail="0" id="s1" name="Specs">Specs</stat>
<stat pass="1" fail="0" id="s1-s1" name="Login">Specs.Login</stat>
</suite>
</statistics>
<errors>
</errors>
</robot>
